Assembler report for alu_rf
<<<<<<< HEAD
<<<<<<< Updated upstream
Tue Nov 14 16:11:08 2023
=======
Tue Nov 21 17:47:11 2023
>>>>>>> Stashed changes
=======
Tue Nov 21 18:32:36 2023
>>>>>>> Alex-Working-branch
Quartus Prime Version 18.1.0 Build 625 09/12/2018 SJ Lite Edition


---------------------
; Table of Contents ;
---------------------
  1. Legal Notice
  2. Assembler Summary
  3. Assembler Settings
  4. Assembler Generated Files
  5. Assembler Device Options: C:/Users/alexa/Documents/3710/BananaMachine/Bananachine/ALU/output_files/alu_rf.sof
  6. Assembler Messages



----------------
; Legal Notice ;
----------------
Copyright (C) 2018  Intel Corporation. All rights reserved.
Your use of Intel Corporation's design tools, logic functions 
and other software and tools, and its AMPP partner logic 
functions, and any output files from any of the foregoing 
(including device programming or simulation files), and any 
associated documentation or information are expressly subject 
to the terms and conditions of the Intel Program License 
Subscription Agreement, the Intel Quartus Prime License Agreement,
the Intel FPGA IP License Agreement, or other applicable license
agreement, including, without limitation, that your use is for
the sole purpose of programming logic devices manufactured by
Intel and sold by Intel or its authorized distributors.  Please
refer to the applicable agreement for further details.



+---------------------------------------------------------------+
; Assembler Summary                                             ;
+-----------------------+---------------------------------------+
<<<<<<< HEAD
<<<<<<< Updated upstream
; Assembler Status      ; Successful - Tue Nov 14 16:11:08 2023 ;
=======
; Assembler Status      ; Successful - Tue Nov 21 17:47:11 2023 ;
>>>>>>> Stashed changes
=======
; Assembler Status      ; Successful - Tue Nov 21 18:32:36 2023 ;
>>>>>>> Alex-Working-branch
; Revision Name         ; alu_rf                                ;
; Top-level Entity Name ; Bananachine                           ;
; Family                ; Cyclone V                             ;
; Device                ; 5CSEMA5F31C6                          ;
+-----------------------+---------------------------------------+


+----------------------------------+
; Assembler Settings               ;
+--------+---------+---------------+
; Option ; Setting ; Default Value ;
+--------+---------+---------------+


+-------------------------------------------------------------------------------------+
; Assembler Generated Files                                                           ;
+-------------------------------------------------------------------------------------+
; File Name                                                                           ;
+-------------------------------------------------------------------------------------+
; C:/Users/alexa/Documents/3710/BananaMachine/Bananachine/ALU/output_files/alu_rf.sof ;
+-------------------------------------------------------------------------------------+


<<<<<<< HEAD
+-------------------------------------------------------------------------------+
; Assembler Device Options: C:/Data/GIT/Bananachine/ALU/output_files/alu_rf.sof ;
+----------------+--------------------------------------------------------------+
; Option         ; Setting                                                      ;
+----------------+--------------------------------------------------------------+
<<<<<<< Updated upstream
; JTAG usercode  ; 0x00AF4BA5                                                   ;
; Checksum       ; 0x00AF4BA5                                                   ;
=======
; JTAG usercode  ; 0x00B3B28F                                                   ;
; Checksum       ; 0x00B3B28F                                                   ;
>>>>>>> Stashed changes
+----------------+--------------------------------------------------------------+
=======
+---------------------------------------------------------------------------------------------------------------+
; Assembler Device Options: C:/Users/alexa/Documents/3710/BananaMachine/Bananachine/ALU/output_files/alu_rf.sof ;
+----------------+----------------------------------------------------------------------------------------------+
; Option         ; Setting                                                                                      ;
+----------------+----------------------------------------------------------------------------------------------+
; JTAG usercode  ; 0x00AF4BBA                                                                                   ;
; Checksum       ; 0x00AF4BBA                                                                                   ;
+----------------+----------------------------------------------------------------------------------------------+
>>>>>>> Alex-Working-branch


+--------------------+
; Assembler Messages ;
+--------------------+
Info: *******************************************************************
Info: Running Quartus Prime Assembler
    Info: Version 18.1.0 Build 625 09/12/2018 SJ Lite Edition
<<<<<<< HEAD
<<<<<<< Updated upstream
    Info: Processing started: Tue Nov 14 16:11:02 2023
Info: Command: quartus_asm --read_settings_files=off --write_settings_files=off alu_rf -c alu_rf
Info (115030): Assembler is generating device programming files
Info: Quartus Prime Assembler was successful. 0 errors, 0 warnings
    Info: Peak virtual memory: 4832 megabytes
    Info: Processing ended: Tue Nov 14 16:11:08 2023
    Info: Elapsed time: 00:00:06
    Info: Total CPU time (on all processors): 00:00:03
=======
    Info: Processing started: Tue Nov 21 17:47:04 2023
Info: Command: quartus_asm --read_settings_files=off --write_settings_files=off alu_rf -c alu_rf
Info (115030): Assembler is generating device programming files
Info: Quartus Prime Assembler was successful. 0 errors, 0 warnings
    Info: Peak virtual memory: 4834 megabytes
    Info: Processing ended: Tue Nov 21 17:47:11 2023
    Info: Elapsed time: 00:00:07
    Info: Total CPU time (on all processors): 00:00:05
>>>>>>> Stashed changes
=======
    Info: Processing started: Tue Nov 21 18:32:18 2023
Info: Command: quartus_asm --read_settings_files=off --write_settings_files=off alu_rf -c alu_rf
Info (115030): Assembler is generating device programming files
Info: Quartus Prime Assembler was successful. 0 errors, 0 warnings
    Info: Peak virtual memory: 4828 megabytes
    Info: Processing ended: Tue Nov 21 18:32:36 2023
    Info: Elapsed time: 00:00:18
    Info: Total CPU time (on all processors): 00:00:08
>>>>>>> Alex-Working-branch


